<?xml version="1.0" encoding="UTF-8"?>
<testsuite xmlns:xsi="http://www.w3.org/2001/XMLSchema-instance" xsi:noNamespaceSchemaLocation="https://maven.apache.org/surefire/maven-surefire-plugin/xsd/surefire-test-report-3.0.xsd" version="3.0" name="Group_C.Person_Project.TestPerson" time="0.015" tests="6" errors="0" skipped="0" failures="1">
  <properties>
[...]
</properties>
  <testcase name="testInvalidPhoneNumber" classname="Group_C.Person_Project.TestPerson" time="0.01">
    <system-out><![CDATA[Phone number must have 9 characters
]]></system-out>
  </testcase>
  <testcase name="testInvalidDayOfBirth" classname="Group_C.Person_Project.TestPerson" time="0.002">
    <system-out><![CDATA[Invalid day in date of birth
]]></system-out>
  </testcase>
  <testcase name="testInvalidMonthOfBirth" classname="Group_C.Person_Project.TestPerson" time="0.001">
    <system-out><![CDATA[Invalid month in date of birth
]]></system-out>
  </testcase>
  <testcase name="testInvalidYearOfBirth" classname="Group_C.Person_Project.TestPerson" time="0.001">
    <system-out><![CDATA[Invalid year in date of birth
]]></system-out>
  </testcase>
  <testcase name="testIsLegalAge" classname="Group_C.Person_Project.TestPerson" time="0.0"/>
  <testcase name="testIsEuropean" classname="Group_C.Person_Project.TestPerson" time="0.001">
    <failure type="junit.framework.AssertionFailedError"><![CDATA[junit.framework.AssertionFailedError
	at junit.framework.Assert.fail(Assert.java:47)
	at junit.framework.Assert.assertTrue(Assert.java:20)
	at junit.framework.Assert.assertTrue(Assert.java:27)
	at Group_C.Person_Project.TestPerson.testIsEuropean(TestPerson.java:19)
	at java.base/jdk.internal.reflect.DirectMethodHandleAccessor.invoke(DirectMethodHandleAccessor.java:104)
	at java.base/java.lang.reflect.Method.invoke(Method.java:578)
	at junit.framework.TestCase.runTest(TestCase.java:154)
	at junit.framework.TestCase.runBare(TestCase.java:127)
	at junit.framework.TestResult$1.protect(TestResult.java:106)
	at junit.framework.TestResult.runProtected(TestResult.java:124)
	at junit.framework.TestResult.run(TestResult.java:109)
	at junit.framework.TestCase.run(TestCase.java:118)
	at junit.framework.TestSuite.runTest(TestSuite.java:208)
	at junit.framework.TestSuite.run(TestSuite.java:203)
	at java.base/jdk.internal.reflect.DirectMethodHandleAccessor.invoke(DirectMethodHandleAccessor.java:104)
	at java.base/java.lang.reflect.Method.invoke(Method.java:578)
	at org.apache.maven.surefire.junit.JUnitTestSetExecutor.execute(JUnitTestSetExecutor.java:81)
	at org.apache.maven.surefire.junit.JUnit3Provider.executeTestSet(JUnit3Provider.java:131)
	at org.apache.maven.surefire.junit.JUnit3Provider.invoke(JUnit3Provider.java:93)
	at org.apache.maven.surefire.booter.ForkedBooter.runSuitesInProcess(ForkedBooter.java:385)
	at org.apache.maven.surefire.booter.ForkedBooter.execute(ForkedBooter.java:162)
	at org.apache.maven.surefire.booter.ForkedBooter.run(ForkedBooter.java:507)
	at org.apache.maven.surefire.booter.ForkedBooter.main(ForkedBooter.java:495)
]]></failure>
    <system-out><![CDATA[Invalid month in date of birth
]]></system-out>
  </testcase>
</testsuite>